<?xml version="1.0" encoding="UTF-8"?>
<!-- Generated by org.testng.reporters.JUnitXMLReporter -->
<testsuite ignored="0" hostname="DESKTOP-MOB5JUI" failures="2" tests="4" name="Test" time="130.737" errors="0" timestamp="2024-03-05T17:43:06 IST">
  <testcase classname="com.Tests.HomeTest" name="checkSearchFunctionalityIsEnabled" time="38.977"/>
  <testcase classname="com.configure.TestBase" name="onTestFailure" time="0.025">
    <failure type="java.lang.AssertionError" message="expected [true] but found [false]">
      <![CDATA[java.lang.AssertionError: expected [true] but found [false]
at com.configure.TestBase.onTestFailure(TestBase.java:42)
at java.base/java.util.ArrayList.forEach(ArrayList.java:1511)
... Removed 34 stack frames]]>
    </failure>
  </testcase> <!-- onTestFailure -->
  <testcase classname="com.Tests.BeautyTest" name="get_lipstick_Brand_Name" time="15.611"/>
  <testcase classname="com.configure.TestBase" name="onTestFailure" time="0.006">
    <failure type="java.lang.AssertionError" message="expected [true] but found [false]">
      <![CDATA[java.lang.AssertionError: expected [true] but found [false]
at com.configure.TestBase.onTestFailure(TestBase.java:42)
at java.base/java.util.ArrayList.forEach(ArrayList.java:1511)
... Removed 34 stack frames]]>
    </failure>
  </testcase> <!-- onTestFailure -->
</testsuite> <!-- Test -->
