<?xml version="1.0" encoding="UTF-8"?>
<!-- Generated by org.testng.reporters.JUnitXMLReporter -->
<testsuite ignored="0" hostname="DESKTOP-MOB5JUI" failures="0" tests="4" name="Test" time="112.482" errors="0" timestamp="2024-03-04T18:17:04 IST">
  <testcase classname="com.Tests.HomeTest" name="checkSearchFunctionalityIsEnabled" time="21.434"/>
  <testcase classname="com.configure.TestBase" name="onTestFailure" time="0.005"/>
  <testcase classname="com.Tests.BeautyTest" name="get_lipstick_Brand_Name" time="31.63"/>
  <testcase classname="com.configure.TestBase" name="onTestFailure" time="0.006"/>
</testsuite> <!-- Test -->
